<?xml version="1.0" encoding="UTF-8"?>
<!-- Generated by org.testng.reporters.JUnitReportReporter -->
<testsuite hostname="ZHANGLU-PC" name="cn.gloryroad.testScripts.TestMail163Login" tests="1" failures="0" timestamp="21 Oct 2016 11:34:13 GMT" time="26.777" errors="0">
  <testcase name="testMailLogin" time="26.777" classname="cn.gloryroad.testScripts.TestMail163Login"/>
</testsuite> <!-- cn.gloryroad.testScripts.TestMail163Login -->
